<?xml version="1.0" encoding="UTF-8"?>
<testng-results ignored="0" total="2" passed="2" failed="0" skipped="0">
  <reporter-output>
  </reporter-output>
  <suite started-at="2025-05-28T18:51:12 IST" name="Suite" finished-at="2025-05-28T18:51:43 IST" duration-ms="31687">
    <groups>
    </groups>
    <test started-at="2025-05-28T18:51:12 IST" name="Test1" finished-at="2025-05-28T18:51:21 IST" duration-ms="9400">
      <class name="Practice.SeleniumBasics.FramesPractice">
        <test-method signature="main()[pri:0, instance:Practice.SeleniumBasics.FramesPractice@4d5d943d]" started-at="2025-05-28T18:51:12 IST" name="main" finished-at="2025-05-28T18:51:21 IST" duration-ms="9366" status="PASS">
          <reporter-output>
          </reporter-output>
        </test-method> <!-- main -->
      </class> <!-- Practice.SeleniumBasics.FramesPractice -->
    </test> <!-- Test1 -->
    <test started-at="2025-05-28T18:51:21 IST" name="Test2" finished-at="2025-05-28T18:51:43 IST" duration-ms="22234">
      <class name="Practice.SeleniumBasics.AlertsPractice">
        <test-method signature="main()[pri:0, instance:Practice.SeleniumBasics.AlertsPractice@4116aac9]" started-at="2025-05-28T18:51:21 IST" name="main" finished-at="2025-05-28T18:51:43 IST" duration-ms="22230" status="PASS">
          <reporter-output>
          </reporter-output>
        </test-method> <!-- main -->
      </class> <!-- Practice.SeleniumBasics.AlertsPractice -->
    </test> <!-- Test2 -->
  </suite> <!-- Suite -->
</testng-results>
